# JRE version: Java(TM) SE Runtime Environment (15.0.2+7) (build 15.0.2+7-27)
# Java VM: Java HotSpot(TM) 64-Bit Server VM (15.0.2+7-27, mixed mode, sharing, tiered, compressed oops, g1 gc, windows-amd64)
GC Precious Log:
 CPUs: 8 total, 8 available
 Memory: 7986M
 Large Page Support: Disabled
 NUMA Support: Disabled
 Compressed Oops: Enabled (32-bit)
 Heap Region Size: 1M
 Heap Min Capacity: 8M
 Heap Initial Capacity: 126M
 Heap Max Capacity: 1998M
 Pre-touch: Disabled
 Parallel Workers: 8
 Concurrent Workers: 2
 Concurrent Refinement Workers: 8
 Periodic GC: Disabled
Heap:
 garbage-first heap   total 46080K, used 44388K [0x0000000083200000, 0x0000000100000000)
  region size 1024K, 35 young (35840K), 0 survivors (0K)
 Metaspace       used 21989K, capacity 22248K, committed 22448K, reserved 1069056K
  class space    used 2481K, capacity 2529K, committed 2560K, reserved 1048576K
GC Heap History (7 events):
Event: 1.455 GC heap before
{Heap before GC invocations=0 (full 0):
 garbage-first heap   total 129024K, used 23552K [0x0000000083200000, 0x0000000100000000)
  region size 1024K, 23 young (23552K), 0 survivors (0K)
 Metaspace       used 9793K, capacity 9975K, committed 10112K, reserved 1058816K
  class space    used 1099K, capacity 1149K, committed 1152K, reserved 1048576K
}
Event: 1.461 GC heap after
{Heap after GC invocations=1 (full 0):
 garbage-first heap   total 129024K, used 5164K [0x0000000083200000, 0x0000000100000000)
  region size 1024K, 3 young (3072K), 3 survivors (3072K)
 Metaspace       used 9793K, capacity 9975K, committed 10112K, reserved 1058816K
  class space    used 1099K, capacity 1149K, committed 1152K, reserved 1048576K
}
Event: 3.256 GC heap before
{Heap before GC invocations=1 (full 0):
 garbage-first heap   total 129024K, used 30764K [0x0000000083200000, 0x0000000100000000)
  region size 1024K, 28 young (28672K), 3 survivors (3072K)
 Metaspace       used 19109K, capacity 19375K, committed 19456K, reserved 1067008K
  class space    used 2140K, capacity 2237K, committed 2304K, reserved 1048576K
}
Event: 3.264 GC heap after
{Heap after GC invocations=2 (full 0):
 garbage-first heap   total 129024K, used 8138K [0x0000000083200000, 0x0000000100000000)
  region size 1024K, 3 young (3072K), 3 survivors (3072K)
 Metaspace       used 19109K, capacity 19375K, committed 19456K, reserved 1067008K
  class space    used 2140K, capacity 2237K, committed 2304K, reserved 1048576K
}
Event: 3.496 GC heap before
{Heap before GC invocations=2 (full 0):
 garbage-first heap   total 129024K, used 14282K [0x0000000083200000, 0x0000000100000000)
  region size 1024K, 10 young (10240K), 3 survivors (3072K)
 Metaspace       used 20921K, capacity 21231K, committed 21296K, reserved 1069056K
  class space    used 2366K, capacity 2429K, committed 2432K, reserved 1048576K
}
Event: 3.502 GC heap after
{Heap after GC invocations=3 (full 0):
 garbage-first heap   total 129024K, used 8548K [0x0000000083200000, 0x0000000100000000)
  region size 1024K, 4 young (4096K), 4 survivors (4096K)
 Metaspace       used 20921K, capacity 21231K, committed 21296K, reserved 1069056K
  class space    used 2366K, capacity 2429K, committed 2432K, reserved 1048576K
}
Event: 3.986 GC heap before
{Heap before GC invocations=4 (full 0):
 garbage-first heap   total 45056K, used 43364K [0x0000000083200000, 0x0000000100000000)
  region size 1024K, 39 young (39936K), 4 survivors (4096K)
 Metaspace       used 21989K, capacity 22248K, committed 22448K, reserved 1069056K
  class space    used 2481K, capacity 2529K, committed 2560K, reserved 1048576K
}

